
          -------------------------------------------------------
          Amber 24 SANDER                              2024
          -------------------------------------------------------

| Run on 07/14/2025 at 13:26:11

|   Executable path: sander
| Working directory: /home/cleger/Amber
|          Hostname: fedora

  [-O]verwriting output

File Assignments:
|  MDIN: min.in                                                                
| MDOUT: min.out                                                               
|INPCRD: water.inpcrd                                                          
|  PARM: water.prmtop                                                          
|RESTRT: min.rst                                                               
|  REFC: refc                                                                  
| MDVEL: mdvel                                                                 
| MDFRC: mdfrc                                                                 
|  MDEN: mden                                                                  
| MDCRD: mdcrd                                                                 
|MDINFO: mdinfo                                                                
|  MTMD: mtmd                                                                  
|INPDIP: inpdip                                                                
|RSTDIP: rstdip                                                                
|INPTRA: inptraj                                                               


 Here is the input file:

Minimize single water molecule                                                 
&cntrl                                                                         
  imin=1, maxcyc=500, ncyc=250,                                                
  ntb=0, cut=999.0,                                                            
/                                                                              

--------------------------------------------------------------------------------
   1.  RESOURCE   USE: 
--------------------------------------------------------------------------------

| Flags:                                                                        
|    NONPERIODIC   ntb=0 and igb=0: Setting up nonperiodic simulation
|  *** cutoff > system size, list only builds once
|Largest sphere to fit in unit cell has radius =    30.000
| New format PARM file being parsed.
| Version =    1.000 Date = 07/14/25 Time = 13:20:31
 NATOM  =       3 NTYPES =       2 NBONH =       3 MBONA  =       0
 NTHETH =       0 MTHETA =       0 NPHIH =       0 MPHIA  =       0
 NHPARM =       0 NPARM  =       0 NNB   =       4 NRES   =       1
 NBONA  =       0 NTHETA =       0 NPHIA =       0 NUMBND =       2
 NUMANG =       0 NPTRA  =       0 NATYP =       2 NPHB   =       0
 IFBOX  =       0 NMXRS  =       3 IFCAP =       0 NEXTRA =       0
 NCOPY  =       0


|     Memory Use     Allocated
|     Real              701471
|     Hollerith             12
|     Integer            20077
|     Max Pairs              3
|     nblistReal            36
|     nblist Int        761616
|       Total             8534 kbytes

| Note: 1-4 EEL scale factors are being read from the topology file.

| Note: 1-4 VDW scale factors are being read from the topology file.
| Duplicated    0 dihedrals
| Duplicated    0 dihedrals

--------------------------------------------------------------------------------
   2.  CONTROL  DATA  FOR  THE  RUN
--------------------------------------------------------------------------------

default_name                                                                    

General flags:
     imin    =       1, nmropt  =       0

Nature and format of input:
     ntx     =       1, irest   =       0, ntrx    =       1

Nature and format of output:
     ntxo    =       2, ntpr    =      50, ntrx    =       1, ntwr    =       1
     iwrap   =       0, ntwx    =       0, ntwv    =       0, ntwe    =       0
     ioutfm  =       1, ntwprt  =       0, idecomp =       0, rbornstat=      0

Potential function:
     ntf     =       1, ntb     =       0, igb     =       0, nsnb    =      25
     ipol    =       0, gbsa    =       0, iesp    =       0
     dielc   =   1.00000, cut     = 999.00000, intdiel =   1.00000

Frozen or restrained atoms:
     ibelly  =       0, ntr     =       0

Energy minimization:
     maxcyc  =     500, ncyc    =     250, ntmin   =       1
     dx0     =   0.01000, drms    =   0.00010
|  INFO: Old style inpcrd file read


--------------------------------------------------------------------------------
   3.  ATOMIC COORDINATES AND VELOCITIES
--------------------------------------------------------------------------------

default_name                                                                    
 begin time read from input coords =     0.000 ps

 Number of triangulated 3-point waters found:        1

     Sum of charges from parm topology file =   0.00000000
     Forcing neutrality...

--------------------------------------------------------------------------------
   4.  RESULTS
--------------------------------------------------------------------------------

 ---------------------------------------------------

     eedmeth=4: Setting switch to one everywhere

 ---------------------------------------------------
| Local SIZE OF NONBOND LIST =          0
| TOTAL SIZE OF NONBOND LIST =          0


   NSTEP       ENERGY          RMS            GMAX         NAME    NUMBER
      1       1.7564E-04     3.2363E-01     6.4775E-01     H2          3

 BOND    =        0.0002  ANGLE   =        0.0000  DIHED      =        0.0000
 VDWAALS =        0.0000  EEL     =        0.0000  HBOND      =        0.0000
 1-4 VDW =        0.0000  1-4 EEL =        0.0000  RESTRAINT  =        0.0000


   NSTEP       ENERGY          RMS            GMAX         NAME    NUMBER
     50       3.4442E-09     1.5933E-03     2.8583E-03     H1          2

 BOND    =        0.0000  ANGLE   =        0.0000  DIHED      =        0.0000
 VDWAALS =        0.0000  EEL     =        0.0000  HBOND      =        0.0000
 1-4 VDW =        0.0000  1-4 EEL =        0.0000  RESTRAINT  =        0.0000


                    FINAL RESULTS



   NSTEP       ENERGY          RMS            GMAX         NAME    NUMBER
     77       1.0511E-15     8.8035E-07     1.6248E-06     H1          2

 BOND    =        0.0000  ANGLE   =        0.0000  DIHED      =        0.0000
 VDWAALS =        0.0000  EEL     =        0.0000  HBOND      =        0.0000
 1-4 VDW =        0.0000  1-4 EEL =        0.0000  RESTRAINT  =        0.0000

--------------------------------------------------------------------------------
   5.  TIMINGS
--------------------------------------------------------------------------------

|    Read coords time           0.00 ( 1.28% of Total)
|    Fast Water setup           0.00 ( 0.05% of Total)
|                Build the list             0.00 (92.28% of List )
|                Other                      0.00 ( 7.72% of List )
|             List time                  0.00 (16.48% of Nonbo)
|                   Short_ene time             0.00 (97.55% of Direc)
|                   Other                      0.00 ( 2.45% of Direc)
|                Direct Ewald time          0.00 (94.56% of Ewald)
|                Force Adjust               0.00 ( 0.41% of Ewald)
|                Virial junk                0.00 ( 1.46% of Ewald)
|                Start synchronizatio       0.00 ( 0.47% of Ewald)
|                Other                      0.00 ( 3.11% of Ewald)
|             Ewald time                 0.00 (81.85% of Nonbo)
|             IPS excludes               0.00 ( 0.14% of Nonbo)
|             Other                      0.00 ( 1.54% of Nonbo)
|          Nonbond force              0.00 (92.80% of Force)
|          Bond/Angle/Dihedral        0.00 ( 2.85% of Force)
|          Other                      0.00 ( 4.35% of Force)
|       Force time                 0.00 (100.0% of Runmd)
|    Runmd Time                 0.00 (12.24% of Total)
|    Other                      0.01 (86.43% of Total)
| Total time                 0.01 (99.44% of ALL  )

| Number of list builds   :          1

| Highest rstack allocated:          0
| Highest istack allocated:          0
|           Job began  at 13:26:11.550  on 07/14/2025
|           Setup done at 13:26:11.555  on 07/14/2025
|           Run   done at 13:26:11.564  on 07/14/2025
|     wallclock() was called    1806 times

|3D-RISM memory allocation summary
|Type          Maximum        Current   
|Integer       0.00000 GB     0.00000 GB
|Real          0.00000 GB     0.00000 GB
|Logical       0.00000 GB     0.00000 GB
|Character     0.00000 GB     0.00000 GB
|---------------------------------------
|Total         0.00000 GB     0.00000 GB
